[2022-02-18 12:22:17] Logs.ERROR: Uncaught Exception GuzzleHttp\Exception\ConnectException: "cURL error 6: Could not resolve host: releases (see https://curl.haxx.se/libcurl/c/libcurl-errors.html)" at /home/charme/public_html/CHARME/vendor/guzzlehttp/guzzle/src/Handler/CurlFactory.php line 200 {"exception":"[object] (GuzzleHttp\\Exception\\ConnectException(code: 0): cURL error 6: Could not resolve host: releases (see https://curl.haxx.se/libcurl/c/libcurl-errors.html) at /home/charme/public_html/CHARME/vendor/guzzlehttp/guzzle/src/Handler/CurlFactory.php:200)
[stacktrace]
#0 /home/charme/public_html/CHARME/vendor/guzzlehttp/guzzle/src/Handler/CurlFactory.php(155): GuzzleHttp\\Handler\\CurlFactory::createRejection(Object(GuzzleHttp\\Handler\\EasyHandle), Array)
#1 /home/charme/public_html/CHARME/vendor/guzzlehttp/guzzle/src/Handler/CurlFactory.php(105): GuzzleHttp\\Handler\\CurlFactory::finishError(Object(GuzzleHttp\\Handler\\CurlHandler), Object(GuzzleHttp\\Handler\\EasyHandle), Object(GuzzleHttp\\Handler\\CurlFactory))
#2 /home/charme/public_html/CHARME/vendor/guzzlehttp/guzzle/src/Handler/CurlHandler.php(43): GuzzleHttp\\Handler\\CurlFactory::finish(Object(GuzzleHttp\\Handler\\CurlHandler), Object(GuzzleHttp\\Handler\\EasyHandle), Object(GuzzleHttp\\Handler\\CurlFactory))
#3 /home/charme/public_html/CHARME/vendor/guzzlehttp/guzzle/src/Handler/Proxy.php(28): GuzzleHttp\\Handler\\CurlHandler->__invoke(Object(GuzzleHttp\\Psr7\\Request), Array)
#4 /home/charme/public_html/CHARME/vendor/guzzlehttp/guzzle/src/Handler/Proxy.php(51): GuzzleHttp\\Handler\\Proxy::GuzzleHttp\\Handler\\{closure}(Object(GuzzleHttp\\Psr7\\Request), Array)
#5 /home/charme/public_html/CHARME/vendor/guzzlehttp/guzzle/src/PrepareBodyMiddleware.php(37): GuzzleHttp\\Handler\\Proxy::GuzzleHttp\\Handler\\{closure}(Object(GuzzleHttp\\Psr7\\Request), Array)
#6 /home/charme/public_html/CHARME/vendor/guzzlehttp/guzzle/src/Middleware.php(29): GuzzleHttp\\PrepareBodyMiddleware->__invoke(Object(GuzzleHttp\\Psr7\\Request), Array)
#7 /home/charme/public_html/CHARME/vendor/guzzlehttp/guzzle/src/RedirectMiddleware.php(70): GuzzleHttp\\Middleware::GuzzleHttp\\{closure}(Object(GuzzleHttp\\Psr7\\Request), Array)
#8 /home/charme/public_html/CHARME/vendor/guzzlehttp/guzzle/src/Middleware.php(59): GuzzleHttp\\RedirectMiddleware->__invoke(Object(GuzzleHttp\\Psr7\\Request), Array)
#9 /home/charme/public_html/CHARME/vendor/guzzlehttp/guzzle/src/HandlerStack.php(71): GuzzleHttp\\Middleware::GuzzleHttp\\{closure}(Object(GuzzleHttp\\Psr7\\Request), Array)
#10 /home/charme/public_html/CHARME/vendor/guzzlehttp/guzzle/src/Client.php(361): GuzzleHttp\\HandlerStack->__invoke(Object(GuzzleHttp\\Psr7\\Request), Array)
#11 /home/charme/public_html/CHARME/vendor/guzzlehttp/guzzle/src/Client.php(163): GuzzleHttp\\Client->transfer(Object(GuzzleHttp\\Psr7\\Request), Array)
#12 /home/charme/public_html/CHARME/vendor/guzzlehttp/guzzle/src/Client.php(183): GuzzleHttp\\Client->requestAsync('GET', 'releases', Array)
#13 /home/charme/public_html/CHARME/modules/aggiornamenti/src/UpdateHook.php(83): GuzzleHttp\\Client->request('GET', 'releases')
#14 /home/charme/public_html/CHARME/modules/aggiornamenti/src/UpdateHook.php(47): Modules\\Aggiornamenti\\UpdateHook::getAPI()
#15 /home/charme/public_html/CHARME/modules/aggiornamenti/src/UpdateHook.php(16): Modules\\Aggiornamenti\\UpdateHook::isAvailable()
#16 /home/charme/public_html/CHARME/src/Hooks/CachedManager.php(25): Modules\\Aggiornamenti\\UpdateHook->data()
#17 /home/charme/public_html/CHARME/src/Hooks/Manager.php(51): Hooks\\CachedManager->execute()
#18 /home/charme/public_html/CHARME/src/Models/Hook.php(45): Hooks\\Manager->manage()
#19 /home/charme/public_html/CHARME/ajax.php(122): Models\\Hook->execute('true')
#20 {main}
"}
{"url":"/CHARME/ajax.php?op=hook-execute&id=3&token=true","ip":"188.13.121.205","http_method":"GET","server":"charmebybarbara.com","referrer":"http://charmebybarbara.com/CHARME/controller.php?id_module=1","unique_id":"Yg-BaIFFkOB9QRYhh80o6gAAAAU","uid":"6ef961e"} 
[2022-02-18 12:22:17] Logs.ERROR: cURL error 6: Could not resolve host: releases (see https://curl.haxx.se/libcurl/c/libcurl-errors.html) {"code":0,"message":"cURL error 6: Could not resolve host: releases (see https://curl.haxx.se/libcurl/c/libcurl-errors.html)","file":"/home/charme/public_html/CHARME/vendor/guzzlehttp/guzzle/src/Handler/CurlFactory.php","line":200,"trace":"#0 /home/charme/public_html/CHARME/vendor/guzzlehttp/guzzle/src/Handler/CurlFactory.php(155): GuzzleHttp\\Handler\\CurlFactory::createRejection(Object(GuzzleHttp\\Handler\\EasyHandle), Array)
#1 /home/charme/public_html/CHARME/vendor/guzzlehttp/guzzle/src/Handler/CurlFactory.php(105): GuzzleHttp\\Handler\\CurlFactory::finishError(Object(GuzzleHttp\\Handler\\CurlHandler), Object(GuzzleHttp\\Handler\\EasyHandle), Object(GuzzleHttp\\Handler\\CurlFactory))
#2 /home/charme/public_html/CHARME/vendor/guzzlehttp/guzzle/src/Handler/CurlHandler.php(43): GuzzleHttp\\Handler\\CurlFactory::finish(Object(GuzzleHttp\\Handler\\CurlHandler), Object(GuzzleHttp\\Handler\\EasyHandle), Object(GuzzleHttp\\Handler\\CurlFactory))
#3 /home/charme/public_html/CHARME/vendor/guzzlehttp/guzzle/src/Handler/Proxy.php(28): GuzzleHttp\\Handler\\CurlHandler->__invoke(Object(GuzzleHttp\\Psr7\\Request), Array)
#4 /home/charme/public_html/CHARME/vendor/guzzlehttp/guzzle/src/Handler/Proxy.php(51): GuzzleHttp\\Handler\\Proxy::GuzzleHttp\\Handler\\{closure}(Object(GuzzleHttp\\Psr7\\Request), Array)
#5 /home/charme/public_html/CHARME/vendor/guzzlehttp/guzzle/src/PrepareBodyMiddleware.php(37): GuzzleHttp\\Handler\\Proxy::GuzzleHttp\\Handler\\{closure}(Object(GuzzleHttp\\Psr7\\Request), Array)
#6 /home/charme/public_html/CHARME/vendor/guzzlehttp/guzzle/src/Middleware.php(29): GuzzleHttp\\PrepareBodyMiddleware->__invoke(Object(GuzzleHttp\\Psr7\\Request), Array)
#7 /home/charme/public_html/CHARME/vendor/guzzlehttp/guzzle/src/RedirectMiddleware.php(70): GuzzleHttp\\Middleware::GuzzleHttp\\{closure}(Object(GuzzleHttp\\Psr7\\Request), Array)
#8 /home/charme/public_html/CHARME/vendor/guzzlehttp/guzzle/src/Middleware.php(59): GuzzleHttp\\RedirectMiddleware->__invoke(Object(GuzzleHttp\\Psr7\\Request), Array)
#9 /home/charme/public_html/CHARME/vendor/guzzlehttp/guzzle/src/HandlerStack.php(71): GuzzleHttp\\Middleware::GuzzleHttp\\{closure}(Object(GuzzleHttp\\Psr7\\Request), Array)
#10 /home/charme/public_html/CHARME/vendor/guzzlehttp/guzzle/src/Client.php(361): GuzzleHttp\\HandlerStack->__invoke(Object(GuzzleHttp\\Psr7\\Request), Array)
#11 /home/charme/public_html/CHARME/vendor/guzzlehttp/guzzle/src/Client.php(163): GuzzleHttp\\Client->transfer(Object(GuzzleHttp\\Psr7\\Request), Array)
#12 /home/charme/public_html/CHARME/vendor/guzzlehttp/guzzle/src/Client.php(183): GuzzleHttp\\Client->requestAsync('GET', 'releases', Array)
#13 /home/charme/public_html/CHARME/modules/aggiornamenti/src/UpdateHook.php(83): GuzzleHttp\\Client->request('GET', 'releases')
#14 /home/charme/public_html/CHARME/modules/aggiornamenti/src/UpdateHook.php(47): Modules\\Aggiornamenti\\UpdateHook::getAPI()
#15 /home/charme/public_html/CHARME/modules/aggiornamenti/src/UpdateHook.php(16): Modules\\Aggiornamenti\\UpdateHook::isAvailable()
#16 /home/charme/public_html/CHARME/src/Hooks/CachedManager.php(25): Modules\\Aggiornamenti\\UpdateHook->data()
#17 /home/charme/public_html/CHARME/src/Hooks/Manager.php(51): Hooks\\CachedManager->execute()
#18 /home/charme/public_html/CHARME/src/Models/Hook.php(45): Hooks\\Manager->manage()
#19 /home/charme/public_html/CHARME/ajax.php(122): Models\\Hook->execute('true')
#20 {main}"}
{"url":"/CHARME/ajax.php?op=hook-execute&id=3&token=true","ip":"188.13.121.205","http_method":"GET","server":"charmebybarbara.com","referrer":"http://charmebybarbara.com/CHARME/controller.php?id_module=1","unique_id":"Yg-BaIFFkOB9QRYhh80o6gAAAAU","uid":"6ef961e"} 
[2022-02-18 12:22:23] Logs.ERROR: Uncaught Exception GuzzleHttp\Exception\ConnectException: "cURL error 6: Could not resolve host: releases (see https://curl.haxx.se/libcurl/c/libcurl-errors.html)" at /home/charme/public_html/CHARME/vendor/guzzlehttp/guzzle/src/Handler/CurlFactory.php line 200 {"exception":"[object] (GuzzleHttp\\Exception\\ConnectException(code: 0): cURL error 6: Could not resolve host: releases (see https://curl.haxx.se/libcurl/c/libcurl-errors.html) at /home/charme/public_html/CHARME/vendor/guzzlehttp/guzzle/src/Handler/CurlFactory.php:200)
[stacktrace]
#0 /home/charme/public_html/CHARME/vendor/guzzlehttp/guzzle/src/Handler/CurlFactory.php(155): GuzzleHttp\\Handler\\CurlFactory::createRejection(Object(GuzzleHttp\\Handler\\EasyHandle), Array)
#1 /home/charme/public_html/CHARME/vendor/guzzlehttp/guzzle/src/Handler/CurlFactory.php(105): GuzzleHttp\\Handler\\CurlFactory::finishError(Object(GuzzleHttp\\Handler\\CurlHandler), Object(GuzzleHttp\\Handler\\EasyHandle), Object(GuzzleHttp\\Handler\\CurlFactory))
#2 /home/charme/public_html/CHARME/vendor/guzzlehttp/guzzle/src/Handler/CurlHandler.php(43): GuzzleHttp\\Handler\\CurlFactory::finish(Object(GuzzleHttp\\Handler\\CurlHandler), Object(GuzzleHttp\\Handler\\EasyHandle), Object(GuzzleHttp\\Handler\\CurlFactory))
#3 /home/charme/public_html/CHARME/vendor/guzzlehttp/guzzle/src/Handler/Proxy.php(28): GuzzleHttp\\Handler\\CurlHandler->__invoke(Object(GuzzleHttp\\Psr7\\Request), Array)
#4 /home/charme/public_html/CHARME/vendor/guzzlehttp/guzzle/src/Handler/Proxy.php(51): GuzzleHttp\\Handler\\Proxy::GuzzleHttp\\Handler\\{closure}(Object(GuzzleHttp\\Psr7\\Request), Array)
#5 /home/charme/public_html/CHARME/vendor/guzzlehttp/guzzle/src/PrepareBodyMiddleware.php(37): GuzzleHttp\\Handler\\Proxy::GuzzleHttp\\Handler\\{closure}(Object(GuzzleHttp\\Psr7\\Request), Array)
#6 /home/charme/public_html/CHARME/vendor/guzzlehttp/guzzle/src/Middleware.php(29): GuzzleHttp\\PrepareBodyMiddleware->__invoke(Object(GuzzleHttp\\Psr7\\Request), Array)
#7 /home/charme/public_html/CHARME/vendor/guzzlehttp/guzzle/src/RedirectMiddleware.php(70): GuzzleHttp\\Middleware::GuzzleHttp\\{closure}(Object(GuzzleHttp\\Psr7\\Request), Array)
#8 /home/charme/public_html/CHARME/vendor/guzzlehttp/guzzle/src/Middleware.php(59): GuzzleHttp\\RedirectMiddleware->__invoke(Object(GuzzleHttp\\Psr7\\Request), Array)
#9 /home/charme/public_html/CHARME/vendor/guzzlehttp/guzzle/src/HandlerStack.php(71): GuzzleHttp\\Middleware::GuzzleHttp\\{closure}(Object(GuzzleHttp\\Psr7\\Request), Array)
#10 /home/charme/public_html/CHARME/vendor/guzzlehttp/guzzle/src/Client.php(361): GuzzleHttp\\HandlerStack->__invoke(Object(GuzzleHttp\\Psr7\\Request), Array)
#11 /home/charme/public_html/CHARME/vendor/guzzlehttp/guzzle/src/Client.php(163): GuzzleHttp\\Client->transfer(Object(GuzzleHttp\\Psr7\\Request), Array)
#12 /home/charme/public_html/CHARME/vendor/guzzlehttp/guzzle/src/Client.php(183): GuzzleHttp\\Client->requestAsync('GET', 'releases', Array)
#13 /home/charme/public_html/CHARME/modules/aggiornamenti/src/UpdateHook.php(83): GuzzleHttp\\Client->request('GET', 'releases')
#14 /home/charme/public_html/CHARME/modules/aggiornamenti/src/UpdateHook.php(47): Modules\\Aggiornamenti\\UpdateHook::getAPI()
#15 /home/charme/public_html/CHARME/modules/aggiornamenti/src/UpdateHook.php(16): Modules\\Aggiornamenti\\UpdateHook::isAvailable()
#16 /home/charme/public_html/CHARME/src/Hooks/CachedManager.php(25): Modules\\Aggiornamenti\\UpdateHook->data()
#17 /home/charme/public_html/CHARME/src/Hooks/Manager.php(51): Hooks\\CachedManager->execute()
#18 /home/charme/public_html/CHARME/src/Models/Hook.php(45): Hooks\\Manager->manage()
#19 /home/charme/public_html/CHARME/ajax.php(122): Models\\Hook->execute('true')
#20 {main}
"}
{"url":"/CHARME/ajax.php?op=hook-execute&id=3&token=true","ip":"188.13.121.205","http_method":"GET","server":"charmebybarbara.com","referrer":"http://charmebybarbara.com/CHARME/controller.php?id_module=21","unique_id":"Yg-Bb4_jojlElisIH79lWAAAAAo","uid":"8e1eb0f"} 
[2022-02-18 12:22:23] Logs.ERROR: cURL error 6: Could not resolve host: releases (see https://curl.haxx.se/libcurl/c/libcurl-errors.html) {"code":0,"message":"cURL error 6: Could not resolve host: releases (see https://curl.haxx.se/libcurl/c/libcurl-errors.html)","file":"/home/charme/public_html/CHARME/vendor/guzzlehttp/guzzle/src/Handler/CurlFactory.php","line":200,"trace":"#0 /home/charme/public_html/CHARME/vendor/guzzlehttp/guzzle/src/Handler/CurlFactory.php(155): GuzzleHttp\\Handler\\CurlFactory::createRejection(Object(GuzzleHttp\\Handler\\EasyHandle), Array)
#1 /home/charme/public_html/CHARME/vendor/guzzlehttp/guzzle/src/Handler/CurlFactory.php(105): GuzzleHttp\\Handler\\CurlFactory::finishError(Object(GuzzleHttp\\Handler\\CurlHandler), Object(GuzzleHttp\\Handler\\EasyHandle), Object(GuzzleHttp\\Handler\\CurlFactory))
#2 /home/charme/public_html/CHARME/vendor/guzzlehttp/guzzle/src/Handler/CurlHandler.php(43): GuzzleHttp\\Handler\\CurlFactory::finish(Object(GuzzleHttp\\Handler\\CurlHandler), Object(GuzzleHttp\\Handler\\EasyHandle), Object(GuzzleHttp\\Handler\\CurlFactory))
#3 /home/charme/public_html/CHARME/vendor/guzzlehttp/guzzle/src/Handler/Proxy.php(28): GuzzleHttp\\Handler\\CurlHandler->__invoke(Object(GuzzleHttp\\Psr7\\Request), Array)
#4 /home/charme/public_html/CHARME/vendor/guzzlehttp/guzzle/src/Handler/Proxy.php(51): GuzzleHttp\\Handler\\Proxy::GuzzleHttp\\Handler\\{closure}(Object(GuzzleHttp\\Psr7\\Request), Array)
#5 /home/charme/public_html/CHARME/vendor/guzzlehttp/guzzle/src/PrepareBodyMiddleware.php(37): GuzzleHttp\\Handler\\Proxy::GuzzleHttp\\Handler\\{closure}(Object(GuzzleHttp\\Psr7\\Request), Array)
#6 /home/charme/public_html/CHARME/vendor/guzzlehttp/guzzle/src/Middleware.php(29): GuzzleHttp\\PrepareBodyMiddleware->__invoke(Object(GuzzleHttp\\Psr7\\Request), Array)
#7 /home/charme/public_html/CHARME/vendor/guzzlehttp/guzzle/src/RedirectMiddleware.php(70): GuzzleHttp\\Middleware::GuzzleHttp\\{closure}(Object(GuzzleHttp\\Psr7\\Request), Array)
#8 /home/charme/public_html/CHARME/vendor/guzzlehttp/guzzle/src/Middleware.php(59): GuzzleHttp\\RedirectMiddleware->__invoke(Object(GuzzleHttp\\Psr7\\Request), Array)
#9 /home/charme/public_html/CHARME/vendor/guzzlehttp/guzzle/src/HandlerStack.php(71): GuzzleHttp\\Middleware::GuzzleHttp\\{closure}(Object(GuzzleHttp\\Psr7\\Request), Array)
#10 /home/charme/public_html/CHARME/vendor/guzzlehttp/guzzle/src/Client.php(361): GuzzleHttp\\HandlerStack->__invoke(Object(GuzzleHttp\\Psr7\\Request), Array)
#11 /home/charme/public_html/CHARME/vendor/guzzlehttp/guzzle/src/Client.php(163): GuzzleHttp\\Client->transfer(Object(GuzzleHttp\\Psr7\\Request), Array)
#12 /home/charme/public_html/CHARME/vendor/guzzlehttp/guzzle/src/Client.php(183): GuzzleHttp\\Client->requestAsync('GET', 'releases', Array)
#13 /home/charme/public_html/CHARME/modules/aggiornamenti/src/UpdateHook.php(83): GuzzleHttp\\Client->request('GET', 'releases')
#14 /home/charme/public_html/CHARME/modules/aggiornamenti/src/UpdateHook.php(47): Modules\\Aggiornamenti\\UpdateHook::getAPI()
#15 /home/charme/public_html/CHARME/modules/aggiornamenti/src/UpdateHook.php(16): Modules\\Aggiornamenti\\UpdateHook::isAvailable()
#16 /home/charme/public_html/CHARME/src/Hooks/CachedManager.php(25): Modules\\Aggiornamenti\\UpdateHook->data()
#17 /home/charme/public_html/CHARME/src/Hooks/Manager.php(51): Hooks\\CachedManager->execute()
#18 /home/charme/public_html/CHARME/src/Models/Hook.php(45): Hooks\\Manager->manage()
#19 /home/charme/public_html/CHARME/ajax.php(122): Models\\Hook->execute('true')
#20 {main}"}
{"url":"/CHARME/ajax.php?op=hook-execute&id=3&token=true","ip":"188.13.121.205","http_method":"GET","server":"charmebybarbara.com","referrer":"http://charmebybarbara.com/CHARME/controller.php?id_module=21","unique_id":"Yg-Bb4_jojlElisIH79lWAAAAAo","uid":"8e1eb0f"} 
[2022-02-18 12:22:36] Logs.ERROR: Uncaught Exception GuzzleHttp\Exception\ConnectException: "cURL error 6: Could not resolve host: releases (see https://curl.haxx.se/libcurl/c/libcurl-errors.html)" at /home/charme/public_html/CHARME/vendor/guzzlehttp/guzzle/src/Handler/CurlFactory.php line 200 {"exception":"[object] (GuzzleHttp\\Exception\\ConnectException(code: 0): cURL error 6: Could not resolve host: releases (see https://curl.haxx.se/libcurl/c/libcurl-errors.html) at /home/charme/public_html/CHARME/vendor/guzzlehttp/guzzle/src/Handler/CurlFactory.php:200)
[stacktrace]
#0 /home/charme/public_html/CHARME/vendor/guzzlehttp/guzzle/src/Handler/CurlFactory.php(155): GuzzleHttp\\Handler\\CurlFactory::createRejection(Object(GuzzleHttp\\Handler\\EasyHandle), Array)
#1 /home/charme/public_html/CHARME/vendor/guzzlehttp/guzzle/src/Handler/CurlFactory.php(105): GuzzleHttp\\Handler\\CurlFactory::finishError(Object(GuzzleHttp\\Handler\\CurlHandler), Object(GuzzleHttp\\Handler\\EasyHandle), Object(GuzzleHttp\\Handler\\CurlFactory))
#2 /home/charme/public_html/CHARME/vendor/guzzlehttp/guzzle/src/Handler/CurlHandler.php(43): GuzzleHttp\\Handler\\CurlFactory::finish(Object(GuzzleHttp\\Handler\\CurlHandler), Object(GuzzleHttp\\Handler\\EasyHandle), Object(GuzzleHttp\\Handler\\CurlFactory))
#3 /home/charme/public_html/CHARME/vendor/guzzlehttp/guzzle/src/Handler/Proxy.php(28): GuzzleHttp\\Handler\\CurlHandler->__invoke(Object(GuzzleHttp\\Psr7\\Request), Array)
#4 /home/charme/public_html/CHARME/vendor/guzzlehttp/guzzle/src/Handler/Proxy.php(51): GuzzleHttp\\Handler\\Proxy::GuzzleHttp\\Handler\\{closure}(Object(GuzzleHttp\\Psr7\\Request), Array)
#5 /home/charme/public_html/CHARME/vendor/guzzlehttp/guzzle/src/PrepareBodyMiddleware.php(37): GuzzleHttp\\Handler\\Proxy::GuzzleHttp\\Handler\\{closure}(Object(GuzzleHttp\\Psr7\\Request), Array)
#6 /home/charme/public_html/CHARME/vendor/guzzlehttp/guzzle/src/Middleware.php(29): GuzzleHttp\\PrepareBodyMiddleware->__invoke(Object(GuzzleHttp\\Psr7\\Request), Array)
#7 /home/charme/public_html/CHARME/vendor/guzzlehttp/guzzle/src/RedirectMiddleware.php(70): GuzzleHttp\\Middleware::GuzzleHttp\\{closure}(Object(GuzzleHttp\\Psr7\\Request), Array)
#8 /home/charme/public_html/CHARME/vendor/guzzlehttp/guzzle/src/Middleware.php(59): GuzzleHttp\\RedirectMiddleware->__invoke(Object(GuzzleHttp\\Psr7\\Request), Array)
#9 /home/charme/public_html/CHARME/vendor/guzzlehttp/guzzle/src/HandlerStack.php(71): GuzzleHttp\\Middleware::GuzzleHttp\\{closure}(Object(GuzzleHttp\\Psr7\\Request), Array)
#10 /home/charme/public_html/CHARME/vendor/guzzlehttp/guzzle/src/Client.php(361): GuzzleHttp\\HandlerStack->__invoke(Object(GuzzleHttp\\Psr7\\Request), Array)
#11 /home/charme/public_html/CHARME/vendor/guzzlehttp/guzzle/src/Client.php(163): GuzzleHttp\\Client->transfer(Object(GuzzleHttp\\Psr7\\Request), Array)
#12 /home/charme/public_html/CHARME/vendor/guzzlehttp/guzzle/src/Client.php(183): GuzzleHttp\\Client->requestAsync('GET', 'releases', Array)
#13 /home/charme/public_html/CHARME/modules/aggiornamenti/src/UpdateHook.php(83): GuzzleHttp\\Client->request('GET', 'releases')
#14 /home/charme/public_html/CHARME/modules/aggiornamenti/src/UpdateHook.php(47): Modules\\Aggiornamenti\\UpdateHook::getAPI()
#15 /home/charme/public_html/CHARME/modules/aggiornamenti/src/UpdateHook.php(16): Modules\\Aggiornamenti\\UpdateHook::isAvailable()
#16 /home/charme/public_html/CHARME/src/Hooks/CachedManager.php(25): Modules\\Aggiornamenti\\UpdateHook->data()
#17 /home/charme/public_html/CHARME/src/Hooks/Manager.php(51): Hooks\\CachedManager->execute()
#18 /home/charme/public_html/CHARME/src/Models/Hook.php(45): Hooks\\Manager->manage()
#19 /home/charme/public_html/CHARME/ajax.php(122): Models\\Hook->execute('true')
#20 {main}
"}
{"url":"/CHARME/ajax.php?op=hook-execute&id=3&token=true","ip":"188.13.121.205","http_method":"GET","server":"charmebybarbara.com","referrer":"http://charmebybarbara.com/CHARME/editor.php?id_module=21&id_record=1895","unique_id":"Yg-Be4FFkOB9QRYhh80o7QAAAAU","uid":"d7b1599"} 
[2022-02-18 12:22:36] Logs.ERROR: cURL error 6: Could not resolve host: releases (see https://curl.haxx.se/libcurl/c/libcurl-errors.html) {"code":0,"message":"cURL error 6: Could not resolve host: releases (see https://curl.haxx.se/libcurl/c/libcurl-errors.html)","file":"/home/charme/public_html/CHARME/vendor/guzzlehttp/guzzle/src/Handler/CurlFactory.php","line":200,"trace":"#0 /home/charme/public_html/CHARME/vendor/guzzlehttp/guzzle/src/Handler/CurlFactory.php(155): GuzzleHttp\\Handler\\CurlFactory::createRejection(Object(GuzzleHttp\\Handler\\EasyHandle), Array)
#1 /home/charme/public_html/CHARME/vendor/guzzlehttp/guzzle/src/Handler/CurlFactory.php(105): GuzzleHttp\\Handler\\CurlFactory::finishError(Object(GuzzleHttp\\Handler\\CurlHandler), Object(GuzzleHttp\\Handler\\EasyHandle), Object(GuzzleHttp\\Handler\\CurlFactory))
#2 /home/charme/public_html/CHARME/vendor/guzzlehttp/guzzle/src/Handler/CurlHandler.php(43): GuzzleHttp\\Handler\\CurlFactory::finish(Object(GuzzleHttp\\Handler\\CurlHandler), Object(GuzzleHttp\\Handler\\EasyHandle), Object(GuzzleHttp\\Handler\\CurlFactory))
#3 /home/charme/public_html/CHARME/vendor/guzzlehttp/guzzle/src/Handler/Proxy.php(28): GuzzleHttp\\Handler\\CurlHandler->__invoke(Object(GuzzleHttp\\Psr7\\Request), Array)
#4 /home/charme/public_html/CHARME/vendor/guzzlehttp/guzzle/src/Handler/Proxy.php(51): GuzzleHttp\\Handler\\Proxy::GuzzleHttp\\Handler\\{closure}(Object(GuzzleHttp\\Psr7\\Request), Array)
#5 /home/charme/public_html/CHARME/vendor/guzzlehttp/guzzle/src/PrepareBodyMiddleware.php(37): GuzzleHttp\\Handler\\Proxy::GuzzleHttp\\Handler\\{closure}(Object(GuzzleHttp\\Psr7\\Request), Array)
#6 /home/charme/public_html/CHARME/vendor/guzzlehttp/guzzle/src/Middleware.php(29): GuzzleHttp\\PrepareBodyMiddleware->__invoke(Object(GuzzleHttp\\Psr7\\Request), Array)
#7 /home/charme/public_html/CHARME/vendor/guzzlehttp/guzzle/src/RedirectMiddleware.php(70): GuzzleHttp\\Middleware::GuzzleHttp\\{closure}(Object(GuzzleHttp\\Psr7\\Request), Array)
#8 /home/charme/public_html/CHARME/vendor/guzzlehttp/guzzle/src/Middleware.php(59): GuzzleHttp\\RedirectMiddleware->__invoke(Object(GuzzleHttp\\Psr7\\Request), Array)
#9 /home/charme/public_html/CHARME/vendor/guzzlehttp/guzzle/src/HandlerStack.php(71): GuzzleHttp\\Middleware::GuzzleHttp\\{closure}(Object(GuzzleHttp\\Psr7\\Request), Array)
#10 /home/charme/public_html/CHARME/vendor/guzzlehttp/guzzle/src/Client.php(361): GuzzleHttp\\HandlerStack->__invoke(Object(GuzzleHttp\\Psr7\\Request), Array)
#11 /home/charme/public_html/CHARME/vendor/guzzlehttp/guzzle/src/Client.php(163): GuzzleHttp\\Client->transfer(Object(GuzzleHttp\\Psr7\\Request), Array)
#12 /home/charme/public_html/CHARME/vendor/guzzlehttp/guzzle/src/Client.php(183): GuzzleHttp\\Client->requestAsync('GET', 'releases', Array)
#13 /home/charme/public_html/CHARME/modules/aggiornamenti/src/UpdateHook.php(83): GuzzleHttp\\Client->request('GET', 'releases')
#14 /home/charme/public_html/CHARME/modules/aggiornamenti/src/UpdateHook.php(47): Modules\\Aggiornamenti\\UpdateHook::getAPI()
#15 /home/charme/public_html/CHARME/modules/aggiornamenti/src/UpdateHook.php(16): Modules\\Aggiornamenti\\UpdateHook::isAvailable()
#16 /home/charme/public_html/CHARME/src/Hooks/CachedManager.php(25): Modules\\Aggiornamenti\\UpdateHook->data()
#17 /home/charme/public_html/CHARME/src/Hooks/Manager.php(51): Hooks\\CachedManager->execute()
#18 /home/charme/public_html/CHARME/src/Models/Hook.php(45): Hooks\\Manager->manage()
#19 /home/charme/public_html/CHARME/ajax.php(122): Models\\Hook->execute('true')
#20 {main}"}
{"url":"/CHARME/ajax.php?op=hook-execute&id=3&token=true","ip":"188.13.121.205","http_method":"GET","server":"charmebybarbara.com","referrer":"http://charmebybarbara.com/CHARME/editor.php?id_module=21&id_record=1895","unique_id":"Yg-Be4FFkOB9QRYhh80o7QAAAAU","uid":"d7b1599"} 
[2022-02-18 12:22:54] Logs.ERROR: Uncaught Exception GuzzleHttp\Exception\ConnectException: "cURL error 6: Could not resolve host: releases (see https://curl.haxx.se/libcurl/c/libcurl-errors.html)" at /home/charme/public_html/CHARME/vendor/guzzlehttp/guzzle/src/Handler/CurlFactory.php line 200 {"exception":"[object] (GuzzleHttp\\Exception\\ConnectException(code: 0): cURL error 6: Could not resolve host: releases (see https://curl.haxx.se/libcurl/c/libcurl-errors.html) at /home/charme/public_html/CHARME/vendor/guzzlehttp/guzzle/src/Handler/CurlFactory.php:200)
[stacktrace]
#0 /home/charme/public_html/CHARME/vendor/guzzlehttp/guzzle/src/Handler/CurlFactory.php(155): GuzzleHttp\\Handler\\CurlFactory::createRejection(Object(GuzzleHttp\\Handler\\EasyHandle), Array)
#1 /home/charme/public_html/CHARME/vendor/guzzlehttp/guzzle/src/Handler/CurlFactory.php(105): GuzzleHttp\\Handler\\CurlFactory::finishError(Object(GuzzleHttp\\Handler\\CurlHandler), Object(GuzzleHttp\\Handler\\EasyHandle), Object(GuzzleHttp\\Handler\\CurlFactory))
#2 /home/charme/public_html/CHARME/vendor/guzzlehttp/guzzle/src/Handler/CurlHandler.php(43): GuzzleHttp\\Handler\\CurlFactory::finish(Object(GuzzleHttp\\Handler\\CurlHandler), Object(GuzzleHttp\\Handler\\EasyHandle), Object(GuzzleHttp\\Handler\\CurlFactory))
#3 /home/charme/public_html/CHARME/vendor/guzzlehttp/guzzle/src/Handler/Proxy.php(28): GuzzleHttp\\Handler\\CurlHandler->__invoke(Object(GuzzleHttp\\Psr7\\Request), Array)
#4 /home/charme/public_html/CHARME/vendor/guzzlehttp/guzzle/src/Handler/Proxy.php(51): GuzzleHttp\\Handler\\Proxy::GuzzleHttp\\Handler\\{closure}(Object(GuzzleHttp\\Psr7\\Request), Array)
#5 /home/charme/public_html/CHARME/vendor/guzzlehttp/guzzle/src/PrepareBodyMiddleware.php(37): GuzzleHttp\\Handler\\Proxy::GuzzleHttp\\Handler\\{closure}(Object(GuzzleHttp\\Psr7\\Request), Array)
#6 /home/charme/public_html/CHARME/vendor/guzzlehttp/guzzle/src/Middleware.php(29): GuzzleHttp\\PrepareBodyMiddleware->__invoke(Object(GuzzleHttp\\Psr7\\Request), Array)
#7 /home/charme/public_html/CHARME/vendor/guzzlehttp/guzzle/src/RedirectMiddleware.php(70): GuzzleHttp\\Middleware::GuzzleHttp\\{closure}(Object(GuzzleHttp\\Psr7\\Request), Array)
#8 /home/charme/public_html/CHARME/vendor/guzzlehttp/guzzle/src/Middleware.php(59): GuzzleHttp\\RedirectMiddleware->__invoke(Object(GuzzleHttp\\Psr7\\Request), Array)
#9 /home/charme/public_html/CHARME/vendor/guzzlehttp/guzzle/src/HandlerStack.php(71): GuzzleHttp\\Middleware::GuzzleHttp\\{closure}(Object(GuzzleHttp\\Psr7\\Request), Array)
#10 /home/charme/public_html/CHARME/vendor/guzzlehttp/guzzle/src/Client.php(361): GuzzleHttp\\HandlerStack->__invoke(Object(GuzzleHttp\\Psr7\\Request), Array)
#11 /home/charme/public_html/CHARME/vendor/guzzlehttp/guzzle/src/Client.php(163): GuzzleHttp\\Client->transfer(Object(GuzzleHttp\\Psr7\\Request), Array)
#12 /home/charme/public_html/CHARME/vendor/guzzlehttp/guzzle/src/Client.php(183): GuzzleHttp\\Client->requestAsync('GET', 'releases', Array)
#13 /home/charme/public_html/CHARME/modules/aggiornamenti/src/UpdateHook.php(83): GuzzleHttp\\Client->request('GET', 'releases')
#14 /home/charme/public_html/CHARME/modules/aggiornamenti/src/UpdateHook.php(47): Modules\\Aggiornamenti\\UpdateHook::getAPI()
#15 /home/charme/public_html/CHARME/modules/aggiornamenti/src/UpdateHook.php(16): Modules\\Aggiornamenti\\UpdateHook::isAvailable()
#16 /home/charme/public_html/CHARME/src/Hooks/CachedManager.php(25): Modules\\Aggiornamenti\\UpdateHook->data()
#17 /home/charme/public_html/CHARME/src/Hooks/Manager.php(51): Hooks\\CachedManager->execute()
#18 /home/charme/public_html/CHARME/src/Models/Hook.php(45): Hooks\\Manager->manage()
#19 /home/charme/public_html/CHARME/ajax.php(122): Models\\Hook->execute('true')
#20 {main}
"}
{"url":"/CHARME/ajax.php?op=hook-execute&id=3&token=true","ip":"188.13.121.205","http_method":"GET","server":"charmebybarbara.com","referrer":"http://charmebybarbara.com/CHARME/editor.php?id_module=21&id_record=1895","unique_id":"Yg-Bjgcr8FgqYqklLCRZfQAAAAk","uid":"5191723"} 
[2022-02-18 12:22:54] Logs.ERROR: cURL error 6: Could not resolve host: releases (see https://curl.haxx.se/libcurl/c/libcurl-errors.html) {"code":0,"message":"cURL error 6: Could not resolve host: releases (see https://curl.haxx.se/libcurl/c/libcurl-errors.html)","file":"/home/charme/public_html/CHARME/vendor/guzzlehttp/guzzle/src/Handler/CurlFactory.php","line":200,"trace":"#0 /home/charme/public_html/CHARME/vendor/guzzlehttp/guzzle/src/Handler/CurlFactory.php(155): GuzzleHttp\\Handler\\CurlFactory::createRejection(Object(GuzzleHttp\\Handler\\EasyHandle), Array)
#1 /home/charme/public_html/CHARME/vendor/guzzlehttp/guzzle/src/Handler/CurlFactory.php(105): GuzzleHttp\\Handler\\CurlFactory::finishError(Object(GuzzleHttp\\Handler\\CurlHandler), Object(GuzzleHttp\\Handler\\EasyHandle), Object(GuzzleHttp\\Handler\\CurlFactory))
#2 /home/charme/public_html/CHARME/vendor/guzzlehttp/guzzle/src/Handler/CurlHandler.php(43): GuzzleHttp\\Handler\\CurlFactory::finish(Object(GuzzleHttp\\Handler\\CurlHandler), Object(GuzzleHttp\\Handler\\EasyHandle), Object(GuzzleHttp\\Handler\\CurlFactory))
#3 /home/charme/public_html/CHARME/vendor/guzzlehttp/guzzle/src/Handler/Proxy.php(28): GuzzleHttp\\Handler\\CurlHandler->__invoke(Object(GuzzleHttp\\Psr7\\Request), Array)
#4 /home/charme/public_html/CHARME/vendor/guzzlehttp/guzzle/src/Handler/Proxy.php(51): GuzzleHttp\\Handler\\Proxy::GuzzleHttp\\Handler\\{closure}(Object(GuzzleHttp\\Psr7\\Request), Array)
#5 /home/charme/public_html/CHARME/vendor/guzzlehttp/guzzle/src/PrepareBodyMiddleware.php(37): GuzzleHttp\\Handler\\Proxy::GuzzleHttp\\Handler\\{closure}(Object(GuzzleHttp\\Psr7\\Request), Array)
#6 /home/charme/public_html/CHARME/vendor/guzzlehttp/guzzle/src/Middleware.php(29): GuzzleHttp\\PrepareBodyMiddleware->__invoke(Object(GuzzleHttp\\Psr7\\Request), Array)
#7 /home/charme/public_html/CHARME/vendor/guzzlehttp/guzzle/src/RedirectMiddleware.php(70): GuzzleHttp\\Middleware::GuzzleHttp\\{closure}(Object(GuzzleHttp\\Psr7\\Request), Array)
#8 /home/charme/public_html/CHARME/vendor/guzzlehttp/guzzle/src/Middleware.php(59): GuzzleHttp\\RedirectMiddleware->__invoke(Object(GuzzleHttp\\Psr7\\Request), Array)
#9 /home/charme/public_html/CHARME/vendor/guzzlehttp/guzzle/src/HandlerStack.php(71): GuzzleHttp\\Middleware::GuzzleHttp\\{closure}(Object(GuzzleHttp\\Psr7\\Request), Array)
#10 /home/charme/public_html/CHARME/vendor/guzzlehttp/guzzle/src/Client.php(361): GuzzleHttp\\HandlerStack->__invoke(Object(GuzzleHttp\\Psr7\\Request), Array)
#11 /home/charme/public_html/CHARME/vendor/guzzlehttp/guzzle/src/Client.php(163): GuzzleHttp\\Client->transfer(Object(GuzzleHttp\\Psr7\\Request), Array)
#12 /home/charme/public_html/CHARME/vendor/guzzlehttp/guzzle/src/Client.php(183): GuzzleHttp\\Client->requestAsync('GET', 'releases', Array)
#13 /home/charme/public_html/CHARME/modules/aggiornamenti/src/UpdateHook.php(83): GuzzleHttp\\Client->request('GET', 'releases')
#14 /home/charme/public_html/CHARME/modules/aggiornamenti/src/UpdateHook.php(47): Modules\\Aggiornamenti\\UpdateHook::getAPI()
#15 /home/charme/public_html/CHARME/modules/aggiornamenti/src/UpdateHook.php(16): Modules\\Aggiornamenti\\UpdateHook::isAvailable()
#16 /home/charme/public_html/CHARME/src/Hooks/CachedManager.php(25): Modules\\Aggiornamenti\\UpdateHook->data()
#17 /home/charme/public_html/CHARME/src/Hooks/Manager.php(51): Hooks\\CachedManager->execute()
#18 /home/charme/public_html/CHARME/src/Models/Hook.php(45): Hooks\\Manager->manage()
#19 /home/charme/public_html/CHARME/ajax.php(122): Models\\Hook->execute('true')
#20 {main}"}
{"url":"/CHARME/ajax.php?op=hook-execute&id=3&token=true","ip":"188.13.121.205","http_method":"GET","server":"charmebybarbara.com","referrer":"http://charmebybarbara.com/CHARME/editor.php?id_module=21&id_record=1895","unique_id":"Yg-Bjgcr8FgqYqklLCRZfQAAAAk","uid":"5191723"} 
